[06-Mar-2018 03:14:02] NOTICE: fpm is running, pid 1
[06-Mar-2018 03:14:02] NOTICE: ready to handle connections
[06-Mar-2018 06:20:08] NOTICE: Terminating ...
[06-Mar-2018 06:20:08] NOTICE: exiting, bye-bye!
[06-Mar-2018 12:10:44] NOTICE: fpm is running, pid 1
[06-Mar-2018 12:10:44] NOTICE: ready to handle connections
[07-Mar-2018 02:21:11] NOTICE: Terminating ...
[07-Mar-2018 02:21:11] NOTICE: exiting, bye-bye!
[07-Mar-2018 03:47:52] NOTICE: fpm is running, pid 1
[07-Mar-2018 03:47:52] NOTICE: ready to handle connections
[07-Mar-2018 03:48:11] NOTICE: Terminating ...
[07-Mar-2018 03:48:11] NOTICE: exiting, bye-bye!
[07-Mar-2018 03:59:09] NOTICE: fpm is running, pid 1
[07-Mar-2018 03:59:09] NOTICE: ready to handle connections
[07-Mar-2018 03:59:32] NOTICE: Terminating ...
[07-Mar-2018 03:59:32] NOTICE: exiting, bye-bye!
[07-Mar-2018 04:02:06] NOTICE: fpm is running, pid 1
[07-Mar-2018 04:02:06] NOTICE: ready to handle connections
[07-Mar-2018 04:02:53] NOTICE: Terminating ...
[07-Mar-2018 04:02:53] NOTICE: exiting, bye-bye!
[07-Mar-2018 04:05:07] NOTICE: fpm is running, pid 1
[07-Mar-2018 04:05:07] NOTICE: ready to handle connections
[07-Mar-2018 04:05:48] NOTICE: Terminating ...
[07-Mar-2018 04:05:48] NOTICE: exiting, bye-bye!
[07-Mar-2018 04:06:17] NOTICE: fpm is running, pid 1
[07-Mar-2018 04:06:17] NOTICE: ready to handle connections
[07-Mar-2018 04:13:11] NOTICE: Terminating ...
[07-Mar-2018 04:13:11] NOTICE: exiting, bye-bye!
[07-Mar-2018 05:02:32] NOTICE: fpm is running, pid 1
[07-Mar-2018 05:02:32] NOTICE: ready to handle connections
[07-Mar-2018 09:29:14] NOTICE: Terminating ...
[07-Mar-2018 09:29:14] NOTICE: exiting, bye-bye!
[07-Mar-2018 09:33:11] NOTICE: fpm is running, pid 1
[07-Mar-2018 09:33:11] NOTICE: ready to handle connections
[08-Mar-2018 02:18:58] NOTICE: Terminating ...
[08-Mar-2018 02:18:58] NOTICE: exiting, bye-bye!
[08-Mar-2018 02:19:43] NOTICE: fpm is running, pid 1
[08-Mar-2018 02:19:43] NOTICE: ready to handle connections
[08-Mar-2018 07:44:43] NOTICE: Terminating ...
[08-Mar-2018 07:44:43] NOTICE: exiting, bye-bye!
[08-Mar-2018 07:44:52] NOTICE: fpm is running, pid 1
[08-Mar-2018 07:44:52] NOTICE: ready to handle connections
[08-Mar-2018 07:49:54] NOTICE: Terminating ...
[08-Mar-2018 07:49:54] NOTICE: exiting, bye-bye!
[08-Mar-2018 07:51:40] NOTICE: fpm is running, pid 1
[08-Mar-2018 07:51:40] NOTICE: ready to handle connections
[08-Mar-2018 07:55:28] NOTICE: Terminating ...
[08-Mar-2018 07:55:28] NOTICE: exiting, bye-bye!
[08-Mar-2018 07:56:53] NOTICE: fpm is running, pid 1
[08-Mar-2018 07:56:53] NOTICE: ready to handle connections
[08-Mar-2018 07:58:38] NOTICE: Terminating ...
[08-Mar-2018 07:58:38] NOTICE: exiting, bye-bye!
[08-Mar-2018 07:59:42] NOTICE: fpm is running, pid 1
[08-Mar-2018 07:59:42] NOTICE: ready to handle connections
[08-Mar-2018 08:03:37] NOTICE: Terminating ...
[08-Mar-2018 08:03:37] NOTICE: exiting, bye-bye!
[08-Mar-2018 08:04:02] NOTICE: fpm is running, pid 1
[08-Mar-2018 08:04:02] NOTICE: ready to handle connections
[08-Mar-2018 08:21:40] NOTICE: Terminating ...
[08-Mar-2018 08:21:40] NOTICE: exiting, bye-bye!
[08-Mar-2018 08:21:49] NOTICE: fpm is running, pid 1
[08-Mar-2018 08:21:49] NOTICE: ready to handle connections
[08-Mar-2018 08:32:37] NOTICE: Terminating ...
[08-Mar-2018 08:32:37] NOTICE: exiting, bye-bye!
[08-Mar-2018 08:32:45] NOTICE: fpm is running, pid 1
[08-Mar-2018 08:32:45] NOTICE: ready to handle connections
[08-Mar-2018 08:39:26] NOTICE: Terminating ...
[08-Mar-2018 08:39:26] NOTICE: exiting, bye-bye!
[08-Mar-2018 08:40:06] NOTICE: fpm is running, pid 1
[08-Mar-2018 08:40:06] NOTICE: ready to handle connections
[08-Mar-2018 08:48:29] NOTICE: Terminating ...
[08-Mar-2018 08:48:29] NOTICE: exiting, bye-bye!
[08-Mar-2018 08:48:46] NOTICE: fpm is running, pid 1
[08-Mar-2018 08:48:46] NOTICE: ready to handle connections
[08-Mar-2018 08:53:48] NOTICE: Terminating ...
[08-Mar-2018 08:53:48] NOTICE: exiting, bye-bye!
[08-Mar-2018 08:55:39] NOTICE: fpm is running, pid 1
[08-Mar-2018 08:55:39] NOTICE: ready to handle connections
[08-Mar-2018 09:11:19] NOTICE: Terminating ...
[08-Mar-2018 09:11:19] NOTICE: exiting, bye-bye!
[08-Mar-2018 09:11:26] NOTICE: fpm is running, pid 1
[08-Mar-2018 09:11:26] NOTICE: ready to handle connections
[08-Mar-2018 09:24:54] NOTICE: Terminating ...
[08-Mar-2018 09:24:54] NOTICE: exiting, bye-bye!
[08-Mar-2018 09:25:18] NOTICE: fpm is running, pid 1
[08-Mar-2018 09:25:18] NOTICE: ready to handle connections
[08-Mar-2018 09:35:36] NOTICE: Terminating ...
[08-Mar-2018 09:35:36] NOTICE: exiting, bye-bye!
[08-Mar-2018 09:35:46] NOTICE: fpm is running, pid 1
[08-Mar-2018 09:35:46] NOTICE: ready to handle connections
[08-Mar-2018 09:40:40] NOTICE: Terminating ...
[08-Mar-2018 09:40:40] NOTICE: exiting, bye-bye!
[08-Mar-2018 09:41:13] NOTICE: fpm is running, pid 1
[08-Mar-2018 09:41:13] NOTICE: ready to handle connections
[08-Mar-2018 09:41:27] NOTICE: Terminating ...
[08-Mar-2018 09:41:27] NOTICE: exiting, bye-bye!
[08-Mar-2018 09:41:40] NOTICE: fpm is running, pid 1
[08-Mar-2018 09:41:40] NOTICE: ready to handle connections
[08-Mar-2018 09:45:45] NOTICE: Terminating ...
[08-Mar-2018 09:45:45] NOTICE: exiting, bye-bye!
[08-Mar-2018 09:46:09] NOTICE: fpm is running, pid 1
[08-Mar-2018 09:46:09] NOTICE: ready to handle connections
[08-Mar-2018 09:51:15] ALERT: oops, unknown child (336) exited with code 255. Please open a bug report (https://bugs.php.net).
[08-Mar-2018 09:53:10] NOTICE: Terminating ...
[08-Mar-2018 09:53:10] NOTICE: exiting, bye-bye!
[08-Mar-2018 09:53:10] NOTICE: fpm is running, pid 1
[08-Mar-2018 09:53:10] NOTICE: ready to handle connections
[09-Mar-2018 07:38:09] NOTICE: Terminating ...
[09-Mar-2018 07:38:09] NOTICE: exiting, bye-bye!
[09-Mar-2018 07:38:23] NOTICE: fpm is running, pid 1
[09-Mar-2018 07:38:23] NOTICE: ready to handle connections
[09-Mar-2018 09:15:58] NOTICE: Terminating ...
[09-Mar-2018 09:15:58] NOTICE: exiting, bye-bye!
[12-Mar-2018 12:54:22] NOTICE: fpm is running, pid 1
[12-Mar-2018 12:54:22] NOTICE: ready to handle connections
[12-Mar-2018 13:00:06] NOTICE: Terminating ...
[12-Mar-2018 13:00:06] NOTICE: exiting, bye-bye!
[12-Mar-2018 13:00:17] NOTICE: fpm is running, pid 1
[12-Mar-2018 13:00:17] NOTICE: ready to handle connections
[12-Mar-2018 13:01:07] NOTICE: Terminating ...
[12-Mar-2018 13:01:07] NOTICE: exiting, bye-bye!
[12-Mar-2018 13:01:14] NOTICE: fpm is running, pid 1
[12-Mar-2018 13:01:14] NOTICE: ready to handle connections
[12-Mar-2018 13:03:37] NOTICE: Terminating ...
[12-Mar-2018 13:03:37] NOTICE: exiting, bye-bye!
[12-Mar-2018 13:06:34] NOTICE: fpm is running, pid 1
[12-Mar-2018 13:06:34] NOTICE: ready to handle connections
[12-Mar-2018 13:07:48] NOTICE: Terminating ...
[12-Mar-2018 13:07:48] NOTICE: exiting, bye-bye!
[12-Mar-2018 13:07:54] NOTICE: fpm is running, pid 1
[12-Mar-2018 13:07:54] NOTICE: ready to handle connections
[12-Mar-2018 13:08:12] NOTICE: Terminating ...
[12-Mar-2018 13:08:12] NOTICE: exiting, bye-bye!
[12-Mar-2018 13:10:20] NOTICE: fpm is running, pid 1
[12-Mar-2018 13:10:20] NOTICE: ready to handle connections
[12-Mar-2018 13:12:43] NOTICE: Terminating ...
[12-Mar-2018 13:12:43] NOTICE: exiting, bye-bye!
[12-Mar-2018 13:13:49] NOTICE: fpm is running, pid 1
[12-Mar-2018 13:13:49] NOTICE: ready to handle connections
[12-Mar-2018 13:15:24] NOTICE: Terminating ...
[12-Mar-2018 13:15:24] NOTICE: exiting, bye-bye!
[12-Mar-2018 13:15:57] NOTICE: fpm is running, pid 1
[12-Mar-2018 13:15:57] NOTICE: ready to handle connections
[12-Mar-2018 13:16:12] NOTICE: Terminating ...
[12-Mar-2018 13:16:12] NOTICE: exiting, bye-bye!
[12-Mar-2018 13:16:30] NOTICE: fpm is running, pid 1
[12-Mar-2018 13:16:30] NOTICE: ready to handle connections
[13-Mar-2018 04:05:53] NOTICE: Terminating ...
[13-Mar-2018 04:05:53] NOTICE: exiting, bye-bye!
[13-Mar-2018 16:50:29] NOTICE: fpm is running, pid 1
[13-Mar-2018 16:50:29] NOTICE: ready to handle connections
[14-Mar-2018 02:17:31] NOTICE: Terminating ...
[14-Mar-2018 02:17:31] NOTICE: exiting, bye-bye!
[14-Mar-2018 02:20:07] NOTICE: fpm is running, pid 1
[14-Mar-2018 02:20:07] NOTICE: ready to handle connections
[14-Mar-2018 02:45:03] NOTICE: Terminating ...
[14-Mar-2018 02:45:03] NOTICE: exiting, bye-bye!
[14-Mar-2018 02:45:30] NOTICE: fpm is running, pid 1
[14-Mar-2018 02:45:30] NOTICE: ready to handle connections
[14-Mar-2018 03:53:32] NOTICE: Terminating ...
[14-Mar-2018 03:53:32] NOTICE: exiting, bye-bye!
[14-Mar-2018 03:54:03] NOTICE: fpm is running, pid 1
[14-Mar-2018 03:54:03] NOTICE: ready to handle connections
[14-Mar-2018 05:29:41] NOTICE: Terminating ...
[14-Mar-2018 05:29:41] NOTICE: exiting, bye-bye!
[19-Mar-2018 06:18:42] NOTICE: fpm is running, pid 1
[19-Mar-2018 06:18:42] NOTICE: ready to handle connections
[19-Mar-2018 06:36:24] NOTICE: Terminating ...
[19-Mar-2018 06:36:24] NOTICE: exiting, bye-bye!
[20-Mar-2018 07:35:35] NOTICE: fpm is running, pid 1
[20-Mar-2018 07:35:35] NOTICE: ready to handle connections
[20-Mar-2018 07:35:47] NOTICE: Terminating ...
[20-Mar-2018 07:35:47] NOTICE: exiting, bye-bye!
[20-Mar-2018 07:36:40] NOTICE: fpm is running, pid 1
[20-Mar-2018 07:36:40] NOTICE: ready to handle connections
[20-Mar-2018 13:09:17] NOTICE: Terminating ...
[20-Mar-2018 13:09:17] NOTICE: exiting, bye-bye!
[20-Mar-2018 13:10:02] NOTICE: fpm is running, pid 1
[20-Mar-2018 13:10:02] NOTICE: ready to handle connections
[23-Mar-2018 02:11:38] NOTICE: Terminating ...
[23-Mar-2018 02:11:38] NOTICE: exiting, bye-bye!
[23-Mar-2018 08:21:14] NOTICE: fpm is running, pid 1
[23-Mar-2018 08:21:14] NOTICE: ready to handle connections
[23-Mar-2018 08:23:52] NOTICE: Terminating ...
[23-Mar-2018 08:23:52] NOTICE: exiting, bye-bye!
[23-Mar-2018 08:26:08] NOTICE: fpm is running, pid 1
[23-Mar-2018 08:26:08] NOTICE: ready to handle connections
[23-Mar-2018 12:14:47] NOTICE: Terminating ...
[23-Mar-2018 12:14:47] NOTICE: exiting, bye-bye!
[23-Mar-2018 12:15:37] NOTICE: fpm is running, pid 1
[23-Mar-2018 12:15:37] NOTICE: ready to handle connections
[23-Mar-2018 12:16:00] NOTICE: Terminating ...
[23-Mar-2018 12:16:00] NOTICE: exiting, bye-bye!
[23-Mar-2018 12:16:58] NOTICE: fpm is running, pid 1
[23-Mar-2018 12:16:58] NOTICE: ready to handle connections
[23-Mar-2018 12:17:40] NOTICE: Terminating ...
[23-Mar-2018 12:17:40] NOTICE: exiting, bye-bye!
[23-Mar-2018 12:18:56] NOTICE: fpm is running, pid 1
[23-Mar-2018 12:18:56] NOTICE: ready to handle connections
[23-Mar-2018 12:21:25] NOTICE: Terminating ...
[23-Mar-2018 12:21:25] NOTICE: exiting, bye-bye!
[23-Mar-2018 12:21:33] NOTICE: fpm is running, pid 1
[23-Mar-2018 12:21:33] NOTICE: ready to handle connections
[23-Mar-2018 12:23:44] NOTICE: Terminating ...
[23-Mar-2018 12:23:44] NOTICE: exiting, bye-bye!
[23-Mar-2018 12:25:19] NOTICE: fpm is running, pid 1
[23-Mar-2018 12:25:19] NOTICE: ready to handle connections
[23-Mar-2018 13:35:23] NOTICE: Terminating ...
[23-Mar-2018 13:35:23] NOTICE: exiting, bye-bye!
[23-Mar-2018 13:35:27] NOTICE: fpm is running, pid 1
[23-Mar-2018 13:35:27] NOTICE: ready to handle connections
[23-Mar-2018 17:39:59] NOTICE: Terminating ...
[23-Mar-2018 17:39:59] NOTICE: exiting, bye-bye!
[23-Mar-2018 17:40:14] NOTICE: fpm is running, pid 1
[23-Mar-2018 17:40:14] NOTICE: ready to handle connections
[23-Mar-2018 17:42:06] NOTICE: Terminating ...
[23-Mar-2018 17:42:06] NOTICE: exiting, bye-bye!
[23-Mar-2018 17:42:25] NOTICE: fpm is running, pid 1
[23-Mar-2018 17:42:25] NOTICE: ready to handle connections
[23-Mar-2018 18:11:56] NOTICE: Terminating ...
[23-Mar-2018 18:11:56] NOTICE: exiting, bye-bye!
[23-Mar-2018 18:14:23] NOTICE: fpm is running, pid 1
[23-Mar-2018 18:14:23] NOTICE: ready to handle connections
[24-Mar-2018 11:38:49] NOTICE: fpm is running, pid 1
[24-Mar-2018 11:38:49] NOTICE: ready to handle connections
[24-Mar-2018 11:47:47] NOTICE: Terminating ...
[24-Mar-2018 11:47:47] NOTICE: exiting, bye-bye!
[24-Mar-2018 11:48:08] NOTICE: fpm is running, pid 1
[24-Mar-2018 11:48:08] NOTICE: ready to handle connections
[25-Mar-2018 15:21:53] NOTICE: fpm is running, pid 1
[25-Mar-2018 15:21:53] NOTICE: ready to handle connections
[25-Mar-2018 15:32:18] NOTICE: fpm is running, pid 1
[25-Mar-2018 15:32:18] NOTICE: ready to handle connections
[25-Mar-2018 15:32:34] NOTICE: fpm is running, pid 1
[25-Mar-2018 15:32:34] NOTICE: ready to handle connections
[25-Mar-2018 16:01:17] NOTICE: Terminating ...
[25-Mar-2018 16:01:17] NOTICE: exiting, bye-bye!
[25-Mar-2018 16:01:25] NOTICE: fpm is running, pid 1
[25-Mar-2018 16:01:25] NOTICE: ready to handle connections
[25-Mar-2018 16:03:07] NOTICE: Terminating ...
[25-Mar-2018 16:03:07] NOTICE: exiting, bye-bye!
[25-Mar-2018 16:04:08] NOTICE: fpm is running, pid 1
[25-Mar-2018 16:04:08] NOTICE: ready to handle connections
[26-Mar-2018 07:22:45] NOTICE: fpm is running, pid 1
[26-Mar-2018 07:22:45] NOTICE: ready to handle connections
[26-Mar-2018 07:23:19] NOTICE: Terminating ...
[26-Mar-2018 07:23:19] NOTICE: exiting, bye-bye!
[26-Mar-2018 07:24:03] NOTICE: fpm is running, pid 1
[26-Mar-2018 07:24:03] NOTICE: ready to handle connections
[26-Mar-2018 07:54:23] NOTICE: Terminating ...
[26-Mar-2018 07:54:23] NOTICE: exiting, bye-bye!
[30-Mar-2018 11:23:50] NOTICE: fpm is running, pid 1
[30-Mar-2018 11:23:50] NOTICE: ready to handle connections
[30-Mar-2018 11:25:08] NOTICE: Terminating ...
[30-Mar-2018 11:25:08] NOTICE: exiting, bye-bye!
[30-Mar-2018 11:33:13] NOTICE: fpm is running, pid 1
[30-Mar-2018 11:33:13] NOTICE: ready to handle connections
[30-Mar-2018 12:49:35] NOTICE: Terminating ...
[30-Mar-2018 12:49:35] NOTICE: exiting, bye-bye!
[30-Mar-2018 12:49:46] NOTICE: fpm is running, pid 1
[30-Mar-2018 12:49:46] NOTICE: ready to handle connections
[30-Mar-2018 13:22:43] NOTICE: fpm is running, pid 1
[30-Mar-2018 13:22:43] NOTICE: ready to handle connections
[30-Mar-2018 13:23:04] NOTICE: fpm is running, pid 1
[30-Mar-2018 13:23:04] NOTICE: ready to handle connections
[30-Mar-2018 13:25:26] NOTICE: Terminating ...
[30-Mar-2018 13:25:26] NOTICE: exiting, bye-bye!
[30-Mar-2018 13:25:34] NOTICE: fpm is running, pid 1
[30-Mar-2018 13:25:34] NOTICE: ready to handle connections
[30-Mar-2018 13:34:37] NOTICE: Terminating ...
[30-Mar-2018 13:34:37] NOTICE: exiting, bye-bye!
[30-Mar-2018 13:34:54] NOTICE: fpm is running, pid 1
[30-Mar-2018 13:34:54] NOTICE: ready to handle connections
[31-Mar-2018 02:22:58] NOTICE: fpm is running, pid 1
[31-Mar-2018 02:22:58] NOTICE: ready to handle connections
[31-Mar-2018 02:23:20] NOTICE: fpm is running, pid 1
[31-Mar-2018 02:23:20] NOTICE: ready to handle connections
[31-Mar-2018 02:24:03] NOTICE: Terminating ...
[31-Mar-2018 02:24:03] NOTICE: exiting, bye-bye!
[31-Mar-2018 02:27:39] NOTICE: fpm is running, pid 1
[31-Mar-2018 02:27:39] NOTICE: ready to handle connections
[31-Mar-2018 02:28:24] NOTICE: Terminating ...
[31-Mar-2018 02:28:24] NOTICE: exiting, bye-bye!
[31-Mar-2018 02:32:38] NOTICE: fpm is running, pid 1
[31-Mar-2018 02:32:38] NOTICE: ready to handle connections
[31-Mar-2018 02:36:48] NOTICE: Terminating ...
[31-Mar-2018 02:36:48] NOTICE: exiting, bye-bye!
[31-Mar-2018 02:49:37] NOTICE: fpm is running, pid 1
[31-Mar-2018 02:49:37] NOTICE: ready to handle connections
[31-Mar-2018 02:50:25] NOTICE: Terminating ...
[31-Mar-2018 02:50:25] NOTICE: exiting, bye-bye!
[31-Mar-2018 03:00:02] NOTICE: fpm is running, pid 1
[31-Mar-2018 03:00:02] NOTICE: ready to handle connections
[31-Mar-2018 03:02:59] NOTICE: Terminating ...
[31-Mar-2018 03:02:59] NOTICE: exiting, bye-bye!
[31-Mar-2018 03:03:32] NOTICE: fpm is running, pid 1
[31-Mar-2018 03:03:32] NOTICE: ready to handle connections
[31-Mar-2018 03:09:20] NOTICE: Terminating ...
[31-Mar-2018 03:09:20] NOTICE: exiting, bye-bye!
[31-Mar-2018 03:09:44] NOTICE: fpm is running, pid 1
[31-Mar-2018 03:09:44] NOTICE: ready to handle connections
[31-Mar-2018 03:10:12] NOTICE: Terminating ...
[31-Mar-2018 03:10:13] NOTICE: exiting, bye-bye!
[31-Mar-2018 03:10:30] NOTICE: fpm is running, pid 1
[31-Mar-2018 03:10:30] NOTICE: ready to handle connections
[31-Mar-2018 03:16:41] NOTICE: Terminating ...
[31-Mar-2018 03:16:41] NOTICE: exiting, bye-bye!
[31-Mar-2018 03:19:59] NOTICE: fpm is running, pid 1
[31-Mar-2018 03:19:59] NOTICE: ready to handle connections
[31-Mar-2018 03:20:52] NOTICE: Terminating ...
[31-Mar-2018 03:20:52] NOTICE: exiting, bye-bye!
